<?xml version="1.0" encoding="UTF-8"?>
<!-- Generated by org.testng.reporters.JUnitXMLReporter -->
<testsuite ignored="0" hostname="DESKTOP-CI8INVM" failures="0" tests="6" name="Command line test" time="0.1" errors="0" timestamp="2020-04-19T18:41:25 IST">
  <testcase classname="sanathkumar.AppiumTest" name="AppleIOS" time="0.008"/>
  <testcase classname="sanathkumar.AppiumTest" name="NativeAppAndroid" time="0.0"/>
  <testcase classname="sanathkumar.RestAPITest" name="PostJira" time="0.0"/>
  <testcase classname="sanathkumar.RestAPITest" name="facebookdelete" time="0.0"/>
  <testcase classname="sanathkumar.SeleniumTest" name="BrowserAutomation" time="0.0"/>
  <testcase classname="sanathkumar.SeleniumTest" name="ElementsUI" time="0.0"/>
</testsuite> <!-- Command line test -->
