<?xml version="1.0" encoding="UTF-8"?>
<!-- Generated by org.testng.reporters.JUnitXMLReporter -->
<testsuite ignored="0" hostname="DESKTOP-CI8INVM" failures="0" tests="4" name="Test" time="0.065" errors="0" timestamp="2020-04-18T11:54:41 IST">
  <testcase classname="sanathkumar.AppiumTest" name="AppleIOS" time="0.006"/>
  <testcase classname="sanathkumar.AppiumTest" name="NativeAppAndroid" time="0.0"/>
  <testcase classname="sanathkumar.RestAPITest" name="PostJira" time="0.001"/>
  <testcase classname="sanathkumar.RestAPITest" name="facebookdelete" time="0.001"/>
</testsuite> <!-- Test -->
