<?xml version="1.0" encoding="UTF-8"?>
<testng-results ignored="0" total="2" passed="2" failed="0" skipped="0">
  <reporter-output>
  </reporter-output>
  <suite started-at="2020-04-28T13:31:11 IST" name="Default suite" finished-at="2020-04-28T13:31:11 IST" duration-ms="98">
    <groups>
    </groups>
    <test started-at="2020-04-28T13:31:11 IST" name="Default test" finished-at="2020-04-28T13:31:11 IST" duration-ms="98">
      <class name="sanathkumar.AppiumTest">
        <test-method signature="AppleIOS()[pri:0, instance:sanathkumar.AppiumTest@378542de]" started-at="2020-04-28T13:31:11 IST" name="AppleIOS" finished-at="2020-04-28T13:31:11 IST" duration-ms="18" status="PASS">
          <reporter-output>
          </reporter-output>
        </test-method> <!-- AppleIOS -->
        <test-method signature="NativeAppAndroid()[pri:0, instance:sanathkumar.AppiumTest@378542de]" started-at="2020-04-28T13:31:11 IST" name="NativeAppAndroid" finished-at="2020-04-28T13:31:11 IST" duration-ms="2" status="PASS">
          <reporter-output>
          </reporter-output>
        </test-method> <!-- NativeAppAndroid -->
      </class> <!-- sanathkumar.AppiumTest -->
    </test> <!-- Default test -->
  </suite> <!-- Default suite -->
</testng-results>
